<?xml version="1.0" encoding="UTF-8"?>
<testsuite xmlns:xsi="http://www.w3.org/2001/XMLSchema-instance" xsi:noNamespaceSchemaLocation="https://maven.apache.org/surefire/maven-surefire-plugin/xsd/surefire-test-report.xsd" name="com.project1.LicenseTest" time="0.017" tests="7" errors="0" skipped="0" failures="0">
  <properties>
    <property name="sun.desktop" value="windows"/>
    <property name="awt.toolkit" value="sun.awt.windows.WToolkit"/>
    <property name="java.specification.version" value="11"/>
    <property name="sun.cpu.isalist" value="amd64"/>
    <property name="sun.jnu.encoding" value="Cp1252"/>
    <property name="java.class.path" value="C:\Users\sebmo\Documents\Semester 7\ECE461\project-1-project-1-6\app\target\test-classes;C:\Users\sebmo\Documents\Semester 7\ECE461\project-1-project-1-6\app\target\classes;C:\Users\sebmo\.m2\repository\org\eclipse\jgit\org.eclipse.jgit\5.13.0.202109080827-r\org.eclipse.jgit-5.13.0.202109080827-r.jar;C:\Users\sebmo\.m2\repository\com\googlecode\javaewah\JavaEWAH\1.1.12\JavaEWAH-1.1.12.jar;C:\Users\sebmo\.m2\repository\org\slf4j\slf4j-api\1.7.30\slf4j-api-1.7.30.jar;C:\Users\sebmo\.m2\repository\org\apache\logging\log4j\log4j-api\2.14.0\log4j-api-2.14.0.jar;C:\Users\sebmo\.m2\repository\org\apache\logging\log4j\log4j-core\2.14.0\log4j-core-2.14.0.jar;C:\Users\sebmo\.m2\repository\junit\junit\4.11\junit-4.11.jar;C:\Users\sebmo\.m2\repository\org\hamcrest\hamcrest-core\1.3\hamcrest-core-1.3.jar;C:\Users\sebmo\.m2\repository\org\json\json\20210307\json-20210307.jar;C:\Users\sebmo\.m2\repository\org\kohsuke\github-api\1.132\github-api-1.132.jar;C:\Users\sebmo\.m2\repository\org\apache\commons\commons-lang3\3.9\commons-lang3-3.9.jar;C:\Users\sebmo\.m2\repository\com\fasterxml\jackson\core\jackson-databind\2.12.3\jackson-databind-2.12.3.jar;C:\Users\sebmo\.m2\repository\com\fasterxml\jackson\core\jackson-annotations\2.12.3\jackson-annotations-2.12.3.jar;C:\Users\sebmo\.m2\repository\com\fasterxml\jackson\core\jackson-core\2.12.3\jackson-core-2.12.3.jar;C:\Users\sebmo\.m2\repository\io\github\cdimascio\java-dotenv\5.2.2\java-dotenv-5.2.2.jar;C:\Users\sebmo\.m2\repository\com\googlecode\json-simple\json-simple\1.1.1\json-simple-1.1.1.jar;C:\Users\sebmo\.m2\repository\com\google\cloud\functions\functions-framework-api\1.0.4\functions-framework-api-1.0.4.jar;C:\Users\sebmo\.m2\repository\io\cloudevents\cloudevents-api\2.0.0.RC2\cloudevents-api-2.0.0.RC2.jar;C:\Users\sebmo\.m2\repository\org\jetbrains\kotlin\kotlin-stdlib\1.4.0\kotlin-stdlib-1.4.0.jar;C:\Users\sebmo\.m2\repository\org\jetbrains\kotlin\kotlin-stdlib-common\1.4.0\kotlin-stdlib-common-1.4.0.jar;C:\Users\sebmo\.m2\repository\org\jetbrains\annotations\13.0\annotations-13.0.jar;C:\Users\sebmo\.m2\repository\commons-io\commons-io\2.6\commons-io-2.6.jar;C:\Users\sebmo\.m2\repository\org\orienteer\jnpm\jnpm\1.1\jnpm-1.1.jar;C:\Users\sebmo\.m2\repository\com\squareup\retrofit2\retrofit\2.9.0\retrofit-2.9.0.jar;C:\Users\sebmo\.m2\repository\com\squareup\okhttp3\okhttp\3.14.9\okhttp-3.14.9.jar;C:\Users\sebmo\.m2\repository\com\squareup\okio\okio\1.17.2\okio-1.17.2.jar;C:\Users\sebmo\.m2\repository\com\squareup\retrofit2\converter-jackson\2.9.0\converter-jackson-2.9.0.jar;C:\Users\sebmo\.m2\repository\com\squareup\retrofit2\adapter-rxjava2\2.9.0\adapter-rxjava2-2.9.0.jar;C:\Users\sebmo\.m2\repository\org\reactivestreams\reactive-streams\1.0.3\reactive-streams-1.0.3.jar;C:\Users\sebmo\.m2\repository\io\reactivex\rxjava2\rxjava\2.2.19\rxjava-2.2.19.jar;C:\Users\sebmo\.m2\repository\org\apache\commons\commons-compress\1.20\commons-compress-1.20.jar;C:\Users\sebmo\.m2\repository\com\vdurmont\semver4j\3.1.0\semver4j-3.1.0.jar;C:\Users\sebmo\.m2\repository\org\slf4j\slf4j-log4j12\1.7.28\slf4j-log4j12-1.7.28.jar;C:\Users\sebmo\.m2\repository\log4j\log4j\1.2.17\log4j-1.2.17.jar;C:\Users\sebmo\.m2\repository\info\picocli\picocli\4.3.2\picocli-4.3.2.jar;"/>
    <property name="java.vm.vendor" value="Oracle Corporation"/>
    <property name="sun.arch.data.model" value="64"/>
    <property name="user.variant" value=""/>
    <property name="java.vendor.url" value="https://openjdk.java.net/"/>
    <property name="user.timezone" value="America/Indianapolis"/>
    <property name="java.vm.specification.version" value="11"/>
    <property name="os.name" value="Windows 10"/>
    <property name="sun.java.launcher" value="SUN_STANDARD"/>
    <property name="user.country" value="US"/>
    <property name="sun.boot.library.path" value="C:\Program Files\Java\jdk-11.0.12\bin"/>
    <property name="sun.java.command" value="C:\Users\sebmo\AppData\Local\Temp\surefire11819176809263902811\surefirebooter14847570761791472293.jar C:\Users\sebmo\AppData\Local\Temp\surefire11819176809263902811 2021-11-15T19-55-12_100-jvmRun1 surefire7295576312952435433tmp surefire_07451187043285699919tmp"/>
    <property name="jdk.debug" value="release"/>
    <property name="surefire.test.class.path" value="C:\Users\sebmo\Documents\Semester 7\ECE461\project-1-project-1-6\app\target\test-classes;C:\Users\sebmo\Documents\Semester 7\ECE461\project-1-project-1-6\app\target\classes;C:\Users\sebmo\.m2\repository\org\eclipse\jgit\org.eclipse.jgit\5.13.0.202109080827-r\org.eclipse.jgit-5.13.0.202109080827-r.jar;C:\Users\sebmo\.m2\repository\com\googlecode\javaewah\JavaEWAH\1.1.12\JavaEWAH-1.1.12.jar;C:\Users\sebmo\.m2\repository\org\slf4j\slf4j-api\1.7.30\slf4j-api-1.7.30.jar;C:\Users\sebmo\.m2\repository\org\apache\logging\log4j\log4j-api\2.14.0\log4j-api-2.14.0.jar;C:\Users\sebmo\.m2\repository\org\apache\logging\log4j\log4j-core\2.14.0\log4j-core-2.14.0.jar;C:\Users\sebmo\.m2\repository\junit\junit\4.11\junit-4.11.jar;C:\Users\sebmo\.m2\repository\org\hamcrest\hamcrest-core\1.3\hamcrest-core-1.3.jar;C:\Users\sebmo\.m2\repository\org\json\json\20210307\json-20210307.jar;C:\Users\sebmo\.m2\repository\org\kohsuke\github-api\1.132\github-api-1.132.jar;C:\Users\sebmo\.m2\repository\org\apache\commons\commons-lang3\3.9\commons-lang3-3.9.jar;C:\Users\sebmo\.m2\repository\com\fasterxml\jackson\core\jackson-databind\2.12.3\jackson-databind-2.12.3.jar;C:\Users\sebmo\.m2\repository\com\fasterxml\jackson\core\jackson-annotations\2.12.3\jackson-annotations-2.12.3.jar;C:\Users\sebmo\.m2\repository\com\fasterxml\jackson\core\jackson-core\2.12.3\jackson-core-2.12.3.jar;C:\Users\sebmo\.m2\repository\io\github\cdimascio\java-dotenv\5.2.2\java-dotenv-5.2.2.jar;C:\Users\sebmo\.m2\repository\com\googlecode\json-simple\json-simple\1.1.1\json-simple-1.1.1.jar;C:\Users\sebmo\.m2\repository\com\google\cloud\functions\functions-framework-api\1.0.4\functions-framework-api-1.0.4.jar;C:\Users\sebmo\.m2\repository\io\cloudevents\cloudevents-api\2.0.0.RC2\cloudevents-api-2.0.0.RC2.jar;C:\Users\sebmo\.m2\repository\org\jetbrains\kotlin\kotlin-stdlib\1.4.0\kotlin-stdlib-1.4.0.jar;C:\Users\sebmo\.m2\repository\org\jetbrains\kotlin\kotlin-stdlib-common\1.4.0\kotlin-stdlib-common-1.4.0.jar;C:\Users\sebmo\.m2\repository\org\jetbrains\annotations\13.0\annotations-13.0.jar;C:\Users\sebmo\.m2\repository\commons-io\commons-io\2.6\commons-io-2.6.jar;C:\Users\sebmo\.m2\repository\org\orienteer\jnpm\jnpm\1.1\jnpm-1.1.jar;C:\Users\sebmo\.m2\repository\com\squareup\retrofit2\retrofit\2.9.0\retrofit-2.9.0.jar;C:\Users\sebmo\.m2\repository\com\squareup\okhttp3\okhttp\3.14.9\okhttp-3.14.9.jar;C:\Users\sebmo\.m2\repository\com\squareup\okio\okio\1.17.2\okio-1.17.2.jar;C:\Users\sebmo\.m2\repository\com\squareup\retrofit2\converter-jackson\2.9.0\converter-jackson-2.9.0.jar;C:\Users\sebmo\.m2\repository\com\squareup\retrofit2\adapter-rxjava2\2.9.0\adapter-rxjava2-2.9.0.jar;C:\Users\sebmo\.m2\repository\org\reactivestreams\reactive-streams\1.0.3\reactive-streams-1.0.3.jar;C:\Users\sebmo\.m2\repository\io\reactivex\rxjava2\rxjava\2.2.19\rxjava-2.2.19.jar;C:\Users\sebmo\.m2\repository\org\apache\commons\commons-compress\1.20\commons-compress-1.20.jar;C:\Users\sebmo\.m2\repository\com\vdurmont\semver4j\3.1.0\semver4j-3.1.0.jar;C:\Users\sebmo\.m2\repository\org\slf4j\slf4j-log4j12\1.7.28\slf4j-log4j12-1.7.28.jar;C:\Users\sebmo\.m2\repository\log4j\log4j\1.2.17\log4j-1.2.17.jar;C:\Users\sebmo\.m2\repository\info\picocli\picocli\4.3.2\picocli-4.3.2.jar;"/>
    <property name="sun.cpu.endian" value="little"/>
    <property name="user.home" value="C:\Users\sebmo"/>
    <property name="user.language" value="en"/>
    <property name="java.specification.vendor" value="Oracle Corporation"/>
    <property name="java.version.date" value="2021-07-20"/>
    <property name="java.home" value="C:\Program Files\Java\jdk-11.0.12"/>
    <property name="file.separator" value="\"/>
    <property name="basedir" value="C:\Users\sebmo\Documents\Semester 7\ECE461\project-1-project-1-6\app"/>
    <property name="java.vm.compressedOopsMode" value="Zero based"/>
    <property name="line.separator" value="&#10;"/>
    <property name="java.specification.name" value="Java Platform API Specification"/>
    <property name="java.vm.specification.vendor" value="Oracle Corporation"/>
    <property name="java.awt.graphicsenv" value="sun.awt.Win32GraphicsEnvironment"/>
    <property name="surefire.real.class.path" value="C:\Users\sebmo\AppData\Local\Temp\surefire11819176809263902811\surefirebooter14847570761791472293.jar"/>
    <property name="user.script" value=""/>
    <property name="sun.management.compiler" value="HotSpot 64-Bit Tiered Compilers"/>
    <property name="java.runtime.version" value="11.0.12+8-LTS-237"/>
    <property name="user.name" value="sebmo"/>
    <property name="path.separator" value=";"/>
    <property name="os.version" value="10.0"/>
    <property name="java.runtime.name" value="Java(TM) SE Runtime Environment"/>
    <property name="file.encoding" value="Cp1252"/>
    <property name="java.vm.name" value="Java HotSpot(TM) 64-Bit Server VM"/>
    <property name="java.vendor.version" value="18.9"/>
    <property name="localRepository" value="C:\Users\sebmo\.m2\repository"/>
    <property name="java.vendor.url.bug" value="https://bugreport.java.com/bugreport/"/>
    <property name="java.io.tmpdir" value="C:\Users\sebmo\AppData\Local\Temp\"/>
    <property name="java.version" value="11.0.12"/>
    <property name="user.dir" value="C:\Users\sebmo\Documents\Semester 7\ECE461\project-1-project-1-6\app"/>
    <property name="os.arch" value="amd64"/>
    <property name="java.vm.specification.name" value="Java Virtual Machine Specification"/>
    <property name="java.awt.printerjob" value="sun.awt.windows.WPrinterJob"/>
    <property name="sun.os.patch.level" value=""/>
    <property name="java.library.path" value="C:\Program Files\Java\jdk-11.0.12\bin;C:\WINDOWS\Sun\Java\bin;C:\WINDOWS\system32;C:\WINDOWS;C:\Program Files\Common Files\Oracle\Java\javapath;C:\Program Files\Java\jdk-11.0.12\bin;C:\Program Files\apache-maven-3.8.3\bin;C:\WINDOWS\system32;C:\WINDOWS;C:\WINDOWS\System32\Wbem;C:\WINDOWS\System32\WindowsPowerShell\v1.0\;C:\WINDOWS\System32\OpenSSH\;C:\Program Files\PowerShell\7\;C:\Users\sebmo\AppData\Local\Microsoft\WindowsApps;C:\Users\sebmo\AppData\Local\Programs\Microsoft VS Code\bin;C:\Users\sebmo\AppData\Local\GitHubDesktop\bin;C:\Program Files (x86)\mingw-w64\i686-8.1.0-posix-dwarf-rt_v6-rev0\mingw32\bin;C:\Program Files\Java\jdk-11.0.12\bin;C:\Program Files\JetBrains\IntelliJ IDEA Community Edition 2020.2\bin;;C:\Users\sebmo\AppData\Local\Microsoft\WindowsApps;;."/>
    <property name="java.vendor" value="Oracle Corporation"/>
    <property name="java.vm.info" value="mixed mode"/>
    <property name="java.vm.version" value="11.0.12+8-LTS-237"/>
    <property name="sun.io.unicode.encoding" value="UnicodeLittle"/>
    <property name="java.class.version" value="55.0"/>
  </properties>
  <testcase name="testCompatibleReadme" classname="com.project1.LicenseTest" time="0.001"/>
  <testcase name="testIncompatibleReadme2" classname="com.project1.LicenseTest" time="0"/>
  <testcase name="testIncompatibleReadme3" classname="com.project1.LicenseTest" time="0"/>
  <testcase name="testCompatibleReadme2" classname="com.project1.LicenseTest" time="0"/>
  <testcase name="testCompatibleReadme3" classname="com.project1.LicenseTest" time="0"/>
  <testcase name="testCompatibleReadme4" classname="com.project1.LicenseTest" time="0"/>
  <testcase name="testIncompatibleReadme" classname="com.project1.LicenseTest" time="0.016"/>
</testsuite>