<?xml version="1.0" encoding="UTF-8"?>
<testsuite xmlns:xsi="http://www.w3.org/2001/XMLSchema-instance" xsi:noNamespaceSchemaLocation="https://maven.apache.org/surefire/maven-surefire-plugin/xsd/surefire-test-report.xsd" name="com.project1.NpmAPITest" time="0" tests="2" errors="0" skipped="2" failures="0">
  <properties>
    <property name="awt.toolkit" value="sun.awt.X11.XToolkit"/>
    <property name="file.encoding.pkg" value="sun.io"/>
    <property name="java.specification.version" value="1.8"/>
    <property name="sun.cpu.isalist" value=""/>
    <property name="sun.jnu.encoding" value="UTF-8"/>
    <property name="java.class.path" value="/home/shay/a/montoys/ECE461/project-1-project-1-6/app/target/test-classes:/home/shay/a/montoys/ECE461/project-1-project-1-6/app/target/classes:/home/shay/a/montoys/.m2/repository/org/eclipse/jgit/org.eclipse.jgit/5.13.0.202109080827-r/org.eclipse.jgit-5.13.0.202109080827-r.jar:/home/shay/a/montoys/.m2/repository/com/googlecode/javaewah/JavaEWAH/1.1.12/JavaEWAH-1.1.12.jar:/home/shay/a/montoys/.m2/repository/org/slf4j/slf4j-api/1.7.30/slf4j-api-1.7.30.jar:/home/shay/a/montoys/.m2/repository/org/apache/logging/log4j/log4j-api/2.14.0/log4j-api-2.14.0.jar:/home/shay/a/montoys/.m2/repository/org/apache/logging/log4j/log4j-core/2.14.0/log4j-core-2.14.0.jar:/home/shay/a/montoys/.m2/repository/junit/junit/4.11/junit-4.11.jar:/home/shay/a/montoys/.m2/repository/org/hamcrest/hamcrest-core/1.3/hamcrest-core-1.3.jar:/home/shay/a/montoys/.m2/repository/org/json/json/20210307/json-20210307.jar:/home/shay/a/montoys/.m2/repository/org/kohsuke/github-api/1.132/github-api-1.132.jar:/home/shay/a/montoys/.m2/repository/org/apache/commons/commons-lang3/3.9/commons-lang3-3.9.jar:/home/shay/a/montoys/.m2/repository/com/fasterxml/jackson/core/jackson-databind/2.12.3/jackson-databind-2.12.3.jar:/home/shay/a/montoys/.m2/repository/com/fasterxml/jackson/core/jackson-annotations/2.12.3/jackson-annotations-2.12.3.jar:/home/shay/a/montoys/.m2/repository/com/fasterxml/jackson/core/jackson-core/2.12.3/jackson-core-2.12.3.jar:/home/shay/a/montoys/.m2/repository/io/github/cdimascio/java-dotenv/5.2.2/java-dotenv-5.2.2.jar:/home/shay/a/montoys/.m2/repository/com/googlecode/json-simple/json-simple/1.1.1/json-simple-1.1.1.jar:/home/shay/a/montoys/.m2/repository/org/jetbrains/kotlin/kotlin-stdlib/1.4.0/kotlin-stdlib-1.4.0.jar:/home/shay/a/montoys/.m2/repository/org/jetbrains/kotlin/kotlin-stdlib-common/1.4.0/kotlin-stdlib-common-1.4.0.jar:/home/shay/a/montoys/.m2/repository/org/jetbrains/annotations/13.0/annotations-13.0.jar:/home/shay/a/montoys/.m2/repository/commons-io/commons-io/2.6/commons-io-2.6.jar:/home/shay/a/montoys/.m2/repository/org/orienteer/jnpm/jnpm/1.1/jnpm-1.1.jar:/home/shay/a/montoys/.m2/repository/com/squareup/retrofit2/retrofit/2.9.0/retrofit-2.9.0.jar:/home/shay/a/montoys/.m2/repository/com/squareup/okhttp3/okhttp/3.14.9/okhttp-3.14.9.jar:/home/shay/a/montoys/.m2/repository/com/squareup/okio/okio/1.17.2/okio-1.17.2.jar:/home/shay/a/montoys/.m2/repository/com/squareup/retrofit2/converter-jackson/2.9.0/converter-jackson-2.9.0.jar:/home/shay/a/montoys/.m2/repository/com/squareup/retrofit2/adapter-rxjava2/2.9.0/adapter-rxjava2-2.9.0.jar:/home/shay/a/montoys/.m2/repository/org/reactivestreams/reactive-streams/1.0.3/reactive-streams-1.0.3.jar:/home/shay/a/montoys/.m2/repository/io/reactivex/rxjava2/rxjava/2.2.19/rxjava-2.2.19.jar:/home/shay/a/montoys/.m2/repository/org/apache/commons/commons-compress/1.20/commons-compress-1.20.jar:/home/shay/a/montoys/.m2/repository/com/vdurmont/semver4j/3.1.0/semver4j-3.1.0.jar:/home/shay/a/montoys/.m2/repository/org/slf4j/slf4j-log4j12/1.7.28/slf4j-log4j12-1.7.28.jar:/home/shay/a/montoys/.m2/repository/log4j/log4j/1.2.17/log4j-1.2.17.jar:/home/shay/a/montoys/.m2/repository/info/picocli/picocli/4.3.2/picocli-4.3.2.jar:"/>
    <property name="java.vm.vendor" value="Red Hat, Inc."/>
    <property name="sun.arch.data.model" value="64"/>
    <property name="java.vendor.url" value="https://www.redhat.com/"/>
    <property name="user.timezone" value=""/>
    <property name="java.vm.specification.version" value="1.8"/>
    <property name="os.name" value="Linux"/>
    <property name="user.country" value="US"/>
    <property name="sun.java.launcher" value="SUN_STANDARD"/>
    <property name="sun.boot.library.path" value="/usr/lib/jvm/java-1.8.0-openjdk-1.8.0.302.b08-0.el7_9.x86_64/jre/lib/amd64"/>
    <property name="sun.java.command" value="/home/shay/a/montoys/ECE461/project-1-project-1-6/app/target/surefire/surefirebooter7934923919856608541.jar /home/shay/a/montoys/ECE461/project-1-project-1-6/app/target/surefire 2021-11-12T12-36-06_419-jvmRun1 surefire5197070568587631461tmp surefire_04833375143069928398tmp"/>
    <property name="surefire.test.class.path" value="/home/shay/a/montoys/ECE461/project-1-project-1-6/app/target/test-classes:/home/shay/a/montoys/ECE461/project-1-project-1-6/app/target/classes:/home/shay/a/montoys/.m2/repository/org/eclipse/jgit/org.eclipse.jgit/5.13.0.202109080827-r/org.eclipse.jgit-5.13.0.202109080827-r.jar:/home/shay/a/montoys/.m2/repository/com/googlecode/javaewah/JavaEWAH/1.1.12/JavaEWAH-1.1.12.jar:/home/shay/a/montoys/.m2/repository/org/slf4j/slf4j-api/1.7.30/slf4j-api-1.7.30.jar:/home/shay/a/montoys/.m2/repository/org/apache/logging/log4j/log4j-api/2.14.0/log4j-api-2.14.0.jar:/home/shay/a/montoys/.m2/repository/org/apache/logging/log4j/log4j-core/2.14.0/log4j-core-2.14.0.jar:/home/shay/a/montoys/.m2/repository/junit/junit/4.11/junit-4.11.jar:/home/shay/a/montoys/.m2/repository/org/hamcrest/hamcrest-core/1.3/hamcrest-core-1.3.jar:/home/shay/a/montoys/.m2/repository/org/json/json/20210307/json-20210307.jar:/home/shay/a/montoys/.m2/repository/org/kohsuke/github-api/1.132/github-api-1.132.jar:/home/shay/a/montoys/.m2/repository/org/apache/commons/commons-lang3/3.9/commons-lang3-3.9.jar:/home/shay/a/montoys/.m2/repository/com/fasterxml/jackson/core/jackson-databind/2.12.3/jackson-databind-2.12.3.jar:/home/shay/a/montoys/.m2/repository/com/fasterxml/jackson/core/jackson-annotations/2.12.3/jackson-annotations-2.12.3.jar:/home/shay/a/montoys/.m2/repository/com/fasterxml/jackson/core/jackson-core/2.12.3/jackson-core-2.12.3.jar:/home/shay/a/montoys/.m2/repository/io/github/cdimascio/java-dotenv/5.2.2/java-dotenv-5.2.2.jar:/home/shay/a/montoys/.m2/repository/com/googlecode/json-simple/json-simple/1.1.1/json-simple-1.1.1.jar:/home/shay/a/montoys/.m2/repository/org/jetbrains/kotlin/kotlin-stdlib/1.4.0/kotlin-stdlib-1.4.0.jar:/home/shay/a/montoys/.m2/repository/org/jetbrains/kotlin/kotlin-stdlib-common/1.4.0/kotlin-stdlib-common-1.4.0.jar:/home/shay/a/montoys/.m2/repository/org/jetbrains/annotations/13.0/annotations-13.0.jar:/home/shay/a/montoys/.m2/repository/commons-io/commons-io/2.6/commons-io-2.6.jar:/home/shay/a/montoys/.m2/repository/org/orienteer/jnpm/jnpm/1.1/jnpm-1.1.jar:/home/shay/a/montoys/.m2/repository/com/squareup/retrofit2/retrofit/2.9.0/retrofit-2.9.0.jar:/home/shay/a/montoys/.m2/repository/com/squareup/okhttp3/okhttp/3.14.9/okhttp-3.14.9.jar:/home/shay/a/montoys/.m2/repository/com/squareup/okio/okio/1.17.2/okio-1.17.2.jar:/home/shay/a/montoys/.m2/repository/com/squareup/retrofit2/converter-jackson/2.9.0/converter-jackson-2.9.0.jar:/home/shay/a/montoys/.m2/repository/com/squareup/retrofit2/adapter-rxjava2/2.9.0/adapter-rxjava2-2.9.0.jar:/home/shay/a/montoys/.m2/repository/org/reactivestreams/reactive-streams/1.0.3/reactive-streams-1.0.3.jar:/home/shay/a/montoys/.m2/repository/io/reactivex/rxjava2/rxjava/2.2.19/rxjava-2.2.19.jar:/home/shay/a/montoys/.m2/repository/org/apache/commons/commons-compress/1.20/commons-compress-1.20.jar:/home/shay/a/montoys/.m2/repository/com/vdurmont/semver4j/3.1.0/semver4j-3.1.0.jar:/home/shay/a/montoys/.m2/repository/org/slf4j/slf4j-log4j12/1.7.28/slf4j-log4j12-1.7.28.jar:/home/shay/a/montoys/.m2/repository/log4j/log4j/1.2.17/log4j-1.2.17.jar:/home/shay/a/montoys/.m2/repository/info/picocli/picocli/4.3.2/picocli-4.3.2.jar:"/>
    <property name="sun.cpu.endian" value="little"/>
    <property name="user.home" value="/home/shay/a/montoys"/>
    <property name="user.language" value="en"/>
    <property name="java.specification.vendor" value="Oracle Corporation"/>
    <property name="java.home" value="/usr/lib/jvm/java-1.8.0-openjdk-1.8.0.302.b08-0.el7_9.x86_64/jre"/>
    <property name="basedir" value="/home/shay/a/montoys/ECE461/project-1-project-1-6/app"/>
    <property name="file.separator" value="/"/>
    <property name="line.separator" value="&#10;"/>
    <property name="java.vm.specification.vendor" value="Oracle Corporation"/>
    <property name="java.specification.name" value="Java Platform API Specification"/>
    <property name="java.awt.graphicsenv" value="sun.awt.X11GraphicsEnvironment"/>
    <property name="surefire.real.class.path" value="/home/shay/a/montoys/ECE461/project-1-project-1-6/app/target/surefire/surefirebooter7934923919856608541.jar:/home/shay/a/montoys/.m2/repository/org/jacoco/org.jacoco.agent/0.8.6/org.jacoco.agent-0.8.6-runtime.jar"/>
    <property name="sun.boot.class.path" value="/usr/lib/jvm/java-1.8.0-openjdk-1.8.0.302.b08-0.el7_9.x86_64/jre/lib/resources.jar:/usr/lib/jvm/java-1.8.0-openjdk-1.8.0.302.b08-0.el7_9.x86_64/jre/lib/rt.jar:/usr/lib/jvm/java-1.8.0-openjdk-1.8.0.302.b08-0.el7_9.x86_64/jre/lib/sunrsasign.jar:/usr/lib/jvm/java-1.8.0-openjdk-1.8.0.302.b08-0.el7_9.x86_64/jre/lib/jsse.jar:/usr/lib/jvm/java-1.8.0-openjdk-1.8.0.302.b08-0.el7_9.x86_64/jre/lib/jce.jar:/usr/lib/jvm/java-1.8.0-openjdk-1.8.0.302.b08-0.el7_9.x86_64/jre/lib/charsets.jar:/usr/lib/jvm/java-1.8.0-openjdk-1.8.0.302.b08-0.el7_9.x86_64/jre/lib/jfr.jar:/usr/lib/jvm/java-1.8.0-openjdk-1.8.0.302.b08-0.el7_9.x86_64/jre/classes"/>
    <property name="sun.management.compiler" value="HotSpot 64-Bit Tiered Compilers"/>
    <property name="java.runtime.version" value="1.8.0_302-b08"/>
    <property name="user.name" value="montoys"/>
    <property name="path.separator" value=":"/>
    <property name="os.version" value="3.10.0-1160.42.2.el7.x86_64"/>
    <property name="java.endorsed.dirs" value="/usr/lib/jvm/java-1.8.0-openjdk-1.8.0.302.b08-0.el7_9.x86_64/jre/lib/endorsed"/>
    <property name="java.runtime.name" value="OpenJDK Runtime Environment"/>
    <property name="file.encoding" value="UTF-8"/>
    <property name="java.vm.name" value="OpenJDK 64-Bit Server VM"/>
    <property name="localRepository" value="/home/shay/a/montoys/.m2/repository"/>
    <property name="java.vendor.url.bug" value="https://bugzilla.redhat.com/enter_bug.cgi?product=Red%20Hat%20Enterprise%20Linux%207&amp;component=java-1.8.0-openjdk"/>
    <property name="java.io.tmpdir" value="/tmp"/>
    <property name="java.version" value="1.8.0_302"/>
    <property name="user.dir" value="/home/shay/a/montoys/ECE461/project-1-project-1-6/app"/>
    <property name="os.arch" value="amd64"/>
    <property name="java.vm.specification.name" value="Java Virtual Machine Specification"/>
    <property name="java.awt.printerjob" value="sun.print.PSPrinterJob"/>
    <property name="sun.os.patch.level" value="unknown"/>
    <property name="java.library.path" value="/usr/java/packages/lib/amd64:/usr/lib64:/lib64:/lib:/usr/lib"/>
    <property name="java.vm.info" value="mixed mode"/>
    <property name="java.vendor" value="Red Hat, Inc."/>
    <property name="java.vm.version" value="25.302-b08"/>
    <property name="java.ext.dirs" value="/usr/lib/jvm/java-1.8.0-openjdk-1.8.0.302.b08-0.el7_9.x86_64/jre/lib/ext:/usr/java/packages/lib/ext"/>
    <property name="sun.io.unicode.encoding" value="UnicodeLittle"/>
    <property name="java.class.version" value="52.0"/>
  </properties>
  <testcase name="validPackage" classname="com.project1.NpmAPITest" time="0">
    <skipped/>
  </testcase>
  <testcase name="invalidPackage" classname="com.project1.NpmAPITest" time="0">
    <skipped/>
  </testcase>
</testsuite>